<?xml version="1.0" encoding="UTF-8"?>
<testsuite xmlns:xsi="http://www.w3.org/2001/XMLSchema-instance" xsi:noNamespaceSchemaLocation="https://maven.apache.org/surefire/maven-surefire-plugin/xsd/surefire-test-report-3.0.xsd" version="3.0" name="BurgerMockTest" time="0.929" tests="6" errors="0" skipped="0" failures="0">
  <properties>
[...]
</properties>
  <testcase name="getPriceTest" classname="BurgerMockTest" time="0.872">
    <system-out><![CDATA[Стоимость бургера: 51.0
]]></system-out>
  </testcase>
  <testcase name="addIngredientTest" classname="BurgerMockTest" time="0.0"/>
  <testcase name="setBunTest" classname="BurgerMockTest" time="0.0"/>
  <testcase name="moveIngredientTest" classname="BurgerMockTest" time="0.001"/>
  <testcase name="removeIngredientTest" classname="BurgerMockTest" time="0.001"/>
  <testcase name="getReceiptTest" classname="BurgerMockTest" time="0.013">
    <system-out><![CDATA[(==== QMYrduzQkEGc ====)
= sauce QMYrduzQkEGc =
(==== QMYrduzQkEGc ====)

Price: 51,000000

]]></system-out>
  </testcase>
</testsuite>